<?xml version="1.0" encoding="UTF-8"?>
<!-- Generated by org.testng.reporters.JUnitXMLReporter -->
<testsuite ignored="0" hostname="Vinodmahale" failures="1" tests="2" name="Surefire test" time="4.584" errors="0" timestamp="2025-08-22T02:11:31 IST">
  <testcase classname="tests.E2CheckoutTest" name="testLogin" time="0.0">
    <failure type="java.lang.RuntimeException" message="java.lang.RuntimeException: Failed to read Excel data: Excel file not found: src/test/resources/testdata/testdata.xlsx">
      <![CDATA[java.lang.RuntimeException: java.lang.RuntimeException: Failed to read Excel data: Excel file not found: src/test/resources/testdata/testdata.xlsx
at java.base/java.util.ArrayList.forEach(ArrayList.java:1511)
Caused by: java.lang.RuntimeException: Failed to read Excel data: Excel file not found: src/test/resources/testdata/testdata.xlsx
at utils.ExcelUtils.getTestData(ExcelUtils.java:49)
at tests.E2CheckoutTest.getLoginData(E2CheckoutTest.java:33)
... 30 more
... Removed 37 stack frames]]>
    </failure>
  </testcase> <!-- testLogin -->
  <testcase classname="tests.E2CheckoutTest" name="testE2ECheckoutFlow" time="1.158"/>
</testsuite> <!-- Surefire test -->
